2025-04-29T15:06:10.982+05:30  INFO 11744 --- [restartedMain] c.p.ProductServiceApplication            : Starting ProductServiceApplication using Java 22.0.1 with PID 11744 (E:\rest_apis\product_service\target\classes started by TARUN in E:\rest_apis\product_service)
2025-04-29T15:06:10.987+05:30  INFO 11744 --- [restartedMain] c.p.ProductServiceApplication            : No active profile set, falling back to 1 default profile: "default"
2025-04-29T15:06:11.122+05:30  INFO 11744 --- [restartedMain] .e.DevToolsPropertyDefaultsPostProcessor : Devtools property defaults active! Set 'spring.devtools.add-properties' to 'false' to disable
2025-04-29T15:06:11.123+05:30  INFO 11744 --- [restartedMain] .e.DevToolsPropertyDefaultsPostProcessor : For additional web related logging consider setting the 'logging.level.web' property to 'DEBUG'
2025-04-29T15:06:12.615+05:30  INFO 11744 --- [restartedMain] .s.d.r.c.RepositoryConfigurationDelegate : Bootstrapping Spring Data MongoDB repositories in DEFAULT mode.
2025-04-29T15:06:12.762+05:30  INFO 11744 --- [restartedMain] .s.d.r.c.RepositoryConfigurationDelegate : Finished Spring Data repository scanning in 138 ms. Found 2 MongoDB repository interfaces.
2025-04-29T15:06:14.254+05:30  INFO 11744 --- [restartedMain] o.s.b.w.embedded.tomcat.TomcatWebServer  : Tomcat initialized with port(s): 8080 (http)
2025-04-29T15:06:14.279+05:30  INFO 11744 --- [restartedMain] o.apache.catalina.core.StandardService   : Starting service [Tomcat]
2025-04-29T15:06:14.280+05:30  INFO 11744 --- [restartedMain] o.apache.catalina.core.StandardEngine    : Starting Servlet engine: [Apache Tomcat/10.1.1]
2025-04-29T15:06:14.400+05:30  INFO 11744 --- [restartedMain] o.a.c.c.C.[Tomcat].[localhost].[/]       : Initializing Spring embedded WebApplicationContext
2025-04-29T15:06:14.402+05:30  INFO 11744 --- [restartedMain] w.s.c.ServletWebServerApplicationContext : Root WebApplicationContext: initialization completed in 3277 ms
2025-04-29T15:06:14.882+05:30  INFO 11744 --- [restartedMain] org.mongodb.driver.client                : MongoClient with metadata {"driver": {"name": "mongo-java-driver|sync|spring-boot", "version": "4.8.0"}, "os": {"type": "Windows", "name": "Windows 10", "architecture": "amd64", "version": "10.0"}, "platform": "Java/Oracle Corporation/22.0.1+8-16"} created with settings MongoClientSettings{readPreference=primary, writeConcern=WriteConcern{w=null, wTimeout=null ms, journal=null}, retryWrites=true, retryReads=true, readConcern=ReadConcern{level=null}, credential=null, streamFactoryFactory=null, commandListeners=[], codecRegistry=ProvidersCodecRegistry{codecProviders=[ValueCodecProvider{}, BsonValueCodecProvider{}, DBRefCodecProvider{}, DBObjectCodecProvider{}, DocumentCodecProvider{}, CollectionCodecProvider{}, IterableCodecProvider{}, MapCodecProvider{}, GeoJsonCodecProvider{}, GridFSFileCodecProvider{}, Jsr310CodecProvider{}, JsonObjectCodecProvider{}, BsonCodecProvider{}, EnumCodecProvider{}, com.mongodb.Jep395RecordCodecProvider@3bfffcd0]}, clusterSettings={hosts=[localhost:27017], srvServiceName=mongodb, mode=SINGLE, requiredClusterType=UNKNOWN, requiredReplicaSetName='null', serverSelector='null', clusterListeners='[]', serverSelectionTimeout='30000 ms', localThreshold='30000 ms'}, socketSettings=SocketSettings{connectTimeoutMS=10000, readTimeoutMS=0, receiveBufferSize=0, sendBufferSize=0}, heartbeatSocketSettings=SocketSettings{connectTimeoutMS=10000, readTimeoutMS=10000, receiveBufferSize=0, sendBufferSize=0}, connectionPoolSettings=ConnectionPoolSettings{maxSize=100, minSize=0, maxWaitTimeMS=120000, maxConnectionLifeTimeMS=0, maxConnectionIdleTimeMS=0, maintenanceInitialDelayMS=0, maintenanceFrequencyMS=60000, connectionPoolListeners=[], maxConnecting=2}, serverSettings=ServerSettings{heartbeatFrequencyMS=10000, minHeartbeatFrequencyMS=500, serverListeners='[]', serverMonitorListeners='[]'}, sslSettings=SslSettings{enabled=false, invalidHostNameAllowed=false, context=null}, applicationName='null', compressorList=[], uuidRepresentation=JAVA_LEGACY, serverApi=null, autoEncryptionSettings=null, contextProvider=null}
2025-04-29T15:06:14.922+05:30  INFO 11744 --- [cluster-ClusterId{value='68109d8e19ac381d61715634', description='null'}-localhost:27017] org.mongodb.driver.cluster               : Monitor thread successfully connected to server with description ServerDescription{address=localhost:27017, type=STANDALONE, state=CONNECTED, ok=true, minWireVersion=0, maxWireVersion=17, maxDocumentSize=16777216, logicalSessionTimeoutMinutes=30, roundTripTimeNanos=61213800}
2025-04-29T15:06:15.243+05:30  INFO 11744 --- [restartedMain] o.s.b.d.a.OptionalLiveReloadServer       : LiveReload server is running on port 35729
2025-04-29T15:06:16.171+05:30  INFO 11744 --- [restartedMain] o.s.b.w.embedded.tomcat.TomcatWebServer  : Tomcat started on port(s): 8080 (http) with context path ''
2025-04-29T15:06:16.189+05:30  INFO 11744 --- [restartedMain] c.p.ProductServiceApplication            : Started ProductServiceApplication in 6.417 seconds (process running for 7.516)
2025-04-29T15:06:36.701+05:30  INFO 11744 --- [http-nio-8080-exec-1] o.a.c.c.C.[Tomcat].[localhost].[/]       : Initializing Spring DispatcherServlet 'dispatcherServlet'
2025-04-29T15:06:36.702+05:30  INFO 11744 --- [http-nio-8080-exec-1] o.s.web.servlet.DispatcherServlet        : Initializing Servlet 'dispatcherServlet'
2025-04-29T15:06:36.706+05:30  INFO 11744 --- [http-nio-8080-exec-1] o.s.web.servlet.DispatcherServlet        : Completed initialization in 3 ms
2025-04-29T15:07:12.393+05:30  INFO 11744 --- [http-nio-8080-exec-3] c.p.controllers.CategoryController       : Delete Category by id : cd70f80b-cf98-47eb-9761-0357c4d9d70e is successfully!
2025-04-29T15:07:42.386+05:30  INFO 11744 --- [http-nio-8080-exec-4] c.p.services.CategoryService             : fetch all the categories..
2025-04-29T15:07:42.389+05:30  INFO 11744 --- [http-nio-8080-exec-4] c.p.controllers.CategoryController       : Finding the Categories successfully!
2025-04-29T15:08:34.467+05:30  INFO 11744 --- [http-nio-8080-exec-5] c.p.services.CategoryService             : category update values set...
2025-04-29T15:08:34.468+05:30  INFO 11744 --- [http-nio-8080-exec-5] c.p.services.CategoryService             : category updated by id : c095ad4e-865d-413c-8dfd-c29ae6f82632
2025-04-29T15:08:34.469+05:30  INFO 11744 --- [http-nio-8080-exec-5] c.p.controllers.CategoryController       : update successfully by id : c095ad4e-865d-413c-8dfd-c29ae6f82632
2025-04-29T15:09:16.688+05:30  INFO 10524 --- [restartedMain] c.p.ProductServiceApplication            : Starting ProductServiceApplication using Java 22.0.1 with PID 10524 (E:\rest_apis\product_service\target\classes started by TARUN in E:\rest_apis\product_service)
2025-04-29T15:09:16.694+05:30  INFO 10524 --- [restartedMain] c.p.ProductServiceApplication            : No active profile set, falling back to 1 default profile: "default"
2025-04-29T15:09:16.904+05:30  INFO 10524 --- [restartedMain] .e.DevToolsPropertyDefaultsPostProcessor : Devtools property defaults active! Set 'spring.devtools.add-properties' to 'false' to disable
2025-04-29T15:09:16.905+05:30  INFO 10524 --- [restartedMain] .e.DevToolsPropertyDefaultsPostProcessor : For additional web related logging consider setting the 'logging.level.web' property to 'DEBUG'
2025-04-29T15:09:18.640+05:30  INFO 10524 --- [restartedMain] .s.d.r.c.RepositoryConfigurationDelegate : Bootstrapping Spring Data MongoDB repositories in DEFAULT mode.
2025-04-29T15:09:18.827+05:30  INFO 10524 --- [restartedMain] .s.d.r.c.RepositoryConfigurationDelegate : Finished Spring Data repository scanning in 171 ms. Found 2 MongoDB repository interfaces.
2025-04-29T15:09:20.677+05:30  INFO 10524 --- [restartedMain] o.s.b.w.embedded.tomcat.TomcatWebServer  : Tomcat initialized with port(s): 8080 (http)
2025-04-29T15:09:20.708+05:30  INFO 10524 --- [restartedMain] o.apache.catalina.core.StandardService   : Starting service [Tomcat]
2025-04-29T15:09:20.709+05:30  INFO 10524 --- [restartedMain] o.apache.catalina.core.StandardEngine    : Starting Servlet engine: [Apache Tomcat/10.1.1]
2025-04-29T15:09:20.856+05:30  INFO 10524 --- [restartedMain] o.a.c.c.C.[Tomcat].[localhost].[/]       : Initializing Spring embedded WebApplicationContext
2025-04-29T15:09:20.859+05:30  INFO 10524 --- [restartedMain] w.s.c.ServletWebServerApplicationContext : Root WebApplicationContext: initialization completed in 3951 ms
2025-04-29T15:09:21.500+05:30  INFO 10524 --- [restartedMain] org.mongodb.driver.client                : MongoClient with metadata {"driver": {"name": "mongo-java-driver|sync|spring-boot", "version": "4.8.0"}, "os": {"type": "Windows", "name": "Windows 10", "architecture": "amd64", "version": "10.0"}, "platform": "Java/Oracle Corporation/22.0.1+8-16"} created with settings MongoClientSettings{readPreference=primary, writeConcern=WriteConcern{w=null, wTimeout=null ms, journal=null}, retryWrites=true, retryReads=true, readConcern=ReadConcern{level=null}, credential=null, streamFactoryFactory=null, commandListeners=[], codecRegistry=ProvidersCodecRegistry{codecProviders=[ValueCodecProvider{}, BsonValueCodecProvider{}, DBRefCodecProvider{}, DBObjectCodecProvider{}, DocumentCodecProvider{}, CollectionCodecProvider{}, IterableCodecProvider{}, MapCodecProvider{}, GeoJsonCodecProvider{}, GridFSFileCodecProvider{}, Jsr310CodecProvider{}, JsonObjectCodecProvider{}, BsonCodecProvider{}, EnumCodecProvider{}, com.mongodb.Jep395RecordCodecProvider@7682fa90]}, clusterSettings={hosts=[localhost:27017], srvServiceName=mongodb, mode=SINGLE, requiredClusterType=UNKNOWN, requiredReplicaSetName='null', serverSelector='null', clusterListeners='[]', serverSelectionTimeout='30000 ms', localThreshold='30000 ms'}, socketSettings=SocketSettings{connectTimeoutMS=10000, readTimeoutMS=0, receiveBufferSize=0, sendBufferSize=0}, heartbeatSocketSettings=SocketSettings{connectTimeoutMS=10000, readTimeoutMS=10000, receiveBufferSize=0, sendBufferSize=0}, connectionPoolSettings=ConnectionPoolSettings{maxSize=100, minSize=0, maxWaitTimeMS=120000, maxConnectionLifeTimeMS=0, maxConnectionIdleTimeMS=0, maintenanceInitialDelayMS=0, maintenanceFrequencyMS=60000, connectionPoolListeners=[], maxConnecting=2}, serverSettings=ServerSettings{heartbeatFrequencyMS=10000, minHeartbeatFrequencyMS=500, serverListeners='[]', serverMonitorListeners='[]'}, sslSettings=SslSettings{enabled=false, invalidHostNameAllowed=false, context=null}, applicationName='null', compressorList=[], uuidRepresentation=JAVA_LEGACY, serverApi=null, autoEncryptionSettings=null, contextProvider=null}
2025-04-29T15:09:21.619+05:30  INFO 10524 --- [cluster-ClusterId{value='68109e49a48e9048900394f8', description='null'}-localhost:27017] org.mongodb.driver.cluster               : Monitor thread successfully connected to server with description ServerDescription{address=localhost:27017, type=STANDALONE, state=CONNECTED, ok=true, minWireVersion=0, maxWireVersion=17, maxDocumentSize=16777216, logicalSessionTimeoutMinutes=30, roundTripTimeNanos=109453100}
2025-04-29T15:09:22.096+05:30  INFO 10524 --- [restartedMain] o.s.b.d.a.OptionalLiveReloadServer       : LiveReload server is running on port 35729
2025-04-29T15:09:23.634+05:30  INFO 10524 --- [restartedMain] o.s.b.w.embedded.tomcat.TomcatWebServer  : Tomcat started on port(s): 8080 (http) with context path ''
2025-04-29T15:09:23.662+05:30  INFO 10524 --- [restartedMain] c.p.ProductServiceApplication            : Started ProductServiceApplication in 8.502 seconds (process running for 10.025)
2025-04-29T15:10:13.648+05:30  INFO 10524 --- [http-nio-8080-exec-9] o.a.c.c.C.[Tomcat].[localhost].[/]       : Initializing Spring DispatcherServlet 'dispatcherServlet'
2025-04-29T15:10:13.649+05:30  INFO 10524 --- [http-nio-8080-exec-9] o.s.web.servlet.DispatcherServlet        : Initializing Servlet 'dispatcherServlet'
2025-04-29T15:10:13.652+05:30  INFO 10524 --- [http-nio-8080-exec-9] o.s.web.servlet.DispatcherServlet        : Completed initialization in 2 ms
2025-04-29T15:10:14.256+05:30  INFO 10524 --- [http-nio-8080-exec-9] c.p.services.CategoryService             : category update values set...
2025-04-29T15:10:14.257+05:30  INFO 10524 --- [http-nio-8080-exec-9] c.p.services.CategoryService             : category updated by id : c095ad4e-865d-413c-8dfd-c29ae6f82632
2025-04-29T15:10:14.260+05:30  INFO 10524 --- [http-nio-8080-exec-9] c.p.controllers.CategoryController       : update successfully by id : c095ad4e-865d-413c-8dfd-c29ae6f82632
2025-04-29T15:10:54.001+05:30  INFO 10524 --- [http-nio-8080-exec-7] c.p.services.CategoryService             : category update values set...
2025-04-29T15:12:10.028+05:30  INFO 10524 --- [http-nio-8080-exec-7] c.p.services.CategoryService             : category updated by id : c095ad4e-865d-413c-8dfd-c29ae6f82632
2025-04-29T15:12:10.031+05:30  INFO 10524 --- [http-nio-8080-exec-7] c.p.controllers.CategoryController       : update successfully by id : c095ad4e-865d-413c-8dfd-c29ae6f82632
2025-04-29T15:12:15.047+05:30  INFO 10524 --- [http-nio-8080-exec-5] c.p.services.CategoryService             : category update values set...
2025-04-29T15:12:15.048+05:30  INFO 10524 --- [http-nio-8080-exec-5] c.p.services.CategoryService             : category updated by id : c095ad4e-865d-413c-8dfd-c29ae6f82632
2025-04-29T15:12:15.048+05:30  INFO 10524 --- [http-nio-8080-exec-5] c.p.controllers.CategoryController       : update successfully by id : c095ad4e-865d-413c-8dfd-c29ae6f82632
2025-04-29T15:12:22.774+05:30  INFO 10524 --- [http-nio-8080-exec-2] c.p.services.CategoryService             : category update values set...
2025-04-29T15:12:22.777+05:30  INFO 10524 --- [http-nio-8080-exec-2] c.p.services.CategoryService             : category updated by id : c095ad4e-865d-413c-8dfd-c29ae6f82632
2025-04-29T15:12:22.778+05:30  INFO 10524 --- [http-nio-8080-exec-2] c.p.controllers.CategoryController       : update successfully by id : c095ad4e-865d-413c-8dfd-c29ae6f82632
2025-04-29T15:12:45.091+05:30  INFO 10524 --- [http-nio-8080-exec-3] c.p.services.CategoryService             : category update values set...
2025-04-29T15:12:45.092+05:30  INFO 10524 --- [http-nio-8080-exec-3] c.p.services.CategoryService             : category updated by id : c095ad4e-865d-413c-8dfd-c29ae6f82632
2025-04-29T15:12:45.092+05:30  INFO 10524 --- [http-nio-8080-exec-3] c.p.controllers.CategoryController       : update successfully by id : c095ad4e-865d-413c-8dfd-c29ae6f82632
2025-04-29T15:13:34.842+05:30  INFO 10524 --- [http-nio-8080-exec-8] c.p.services.CategoryService             : category update values set...
2025-04-29T15:13:55.590+05:30  INFO 10524 --- [http-nio-8080-exec-8] c.p.services.CategoryService             : category updated by id : c095ad4e-865d-413c-8dfd-c29ae6f82632
2025-04-29T15:13:55.600+05:30  INFO 10524 --- [http-nio-8080-exec-8] c.p.controllers.CategoryController       : update successfully by id : c095ad4e-865d-413c-8dfd-c29ae6f82632
2025-04-29T15:14:03.227+05:30  INFO 9380 --- [restartedMain] c.p.ProductServiceApplication            : Starting ProductServiceApplication using Java 22.0.1 with PID 9380 (E:\rest_apis\product_service\target\classes started by TARUN in E:\rest_apis\product_service)
2025-04-29T15:14:03.234+05:30  INFO 9380 --- [restartedMain] c.p.ProductServiceApplication            : No active profile set, falling back to 1 default profile: "default"
2025-04-29T15:14:03.408+05:30  INFO 9380 --- [restartedMain] .e.DevToolsPropertyDefaultsPostProcessor : Devtools property defaults active! Set 'spring.devtools.add-properties' to 'false' to disable
2025-04-29T15:14:03.409+05:30  INFO 9380 --- [restartedMain] .e.DevToolsPropertyDefaultsPostProcessor : For additional web related logging consider setting the 'logging.level.web' property to 'DEBUG'
2025-04-29T15:14:05.117+05:30  INFO 9380 --- [restartedMain] .s.d.r.c.RepositoryConfigurationDelegate : Bootstrapping Spring Data MongoDB repositories in DEFAULT mode.
2025-04-29T15:14:05.301+05:30  INFO 9380 --- [restartedMain] .s.d.r.c.RepositoryConfigurationDelegate : Finished Spring Data repository scanning in 171 ms. Found 2 MongoDB repository interfaces.
2025-04-29T15:14:06.969+05:30  INFO 9380 --- [restartedMain] o.s.b.w.embedded.tomcat.TomcatWebServer  : Tomcat initialized with port(s): 8080 (http)
2025-04-29T15:14:06.994+05:30  INFO 9380 --- [restartedMain] o.apache.catalina.core.StandardService   : Starting service [Tomcat]
2025-04-29T15:14:06.995+05:30  INFO 9380 --- [restartedMain] o.apache.catalina.core.StandardEngine    : Starting Servlet engine: [Apache Tomcat/10.1.1]
2025-04-29T15:14:07.139+05:30  INFO 9380 --- [restartedMain] o.a.c.c.C.[Tomcat].[localhost].[/]       : Initializing Spring embedded WebApplicationContext
2025-04-29T15:14:07.142+05:30  INFO 9380 --- [restartedMain] w.s.c.ServletWebServerApplicationContext : Root WebApplicationContext: initialization completed in 3731 ms
2025-04-29T15:14:08.587+05:30  INFO 9380 --- [restartedMain] org.mongodb.driver.client                : MongoClient with metadata {"driver": {"name": "mongo-java-driver|sync|spring-boot", "version": "4.8.0"}, "os": {"type": "Windows", "name": "Windows 10", "architecture": "amd64", "version": "10.0"}, "platform": "Java/Oracle Corporation/22.0.1+8-16"} created with settings MongoClientSettings{readPreference=primary, writeConcern=WriteConcern{w=null, wTimeout=null ms, journal=null}, retryWrites=true, retryReads=true, readConcern=ReadConcern{level=null}, credential=null, streamFactoryFactory=null, commandListeners=[], codecRegistry=ProvidersCodecRegistry{codecProviders=[ValueCodecProvider{}, BsonValueCodecProvider{}, DBRefCodecProvider{}, DBObjectCodecProvider{}, DocumentCodecProvider{}, CollectionCodecProvider{}, IterableCodecProvider{}, MapCodecProvider{}, GeoJsonCodecProvider{}, GridFSFileCodecProvider{}, Jsr310CodecProvider{}, JsonObjectCodecProvider{}, BsonCodecProvider{}, EnumCodecProvider{}, com.mongodb.Jep395RecordCodecProvider@75de690d]}, clusterSettings={hosts=[localhost:27017], srvServiceName=mongodb, mode=SINGLE, requiredClusterType=UNKNOWN, requiredReplicaSetName='null', serverSelector='null', clusterListeners='[]', serverSelectionTimeout='30000 ms', localThreshold='30000 ms'}, socketSettings=SocketSettings{connectTimeoutMS=10000, readTimeoutMS=0, receiveBufferSize=0, sendBufferSize=0}, heartbeatSocketSettings=SocketSettings{connectTimeoutMS=10000, readTimeoutMS=10000, receiveBufferSize=0, sendBufferSize=0}, connectionPoolSettings=ConnectionPoolSettings{maxSize=100, minSize=0, maxWaitTimeMS=120000, maxConnectionLifeTimeMS=0, maxConnectionIdleTimeMS=0, maintenanceInitialDelayMS=0, maintenanceFrequencyMS=60000, connectionPoolListeners=[], maxConnecting=2}, serverSettings=ServerSettings{heartbeatFrequencyMS=10000, minHeartbeatFrequencyMS=500, serverListeners='[]', serverMonitorListeners='[]'}, sslSettings=SslSettings{enabled=false, invalidHostNameAllowed=false, context=null}, applicationName='null', compressorList=[], uuidRepresentation=JAVA_LEGACY, serverApi=null, autoEncryptionSettings=null, contextProvider=null}
2025-04-29T15:14:08.646+05:30  INFO 9380 --- [cluster-ClusterId{value='68109f68836ba74ccfa18e59', description='null'}-localhost:27017] org.mongodb.driver.cluster               : Monitor thread successfully connected to server with description ServerDescription{address=localhost:27017, type=STANDALONE, state=CONNECTED, ok=true, minWireVersion=0, maxWireVersion=17, maxDocumentSize=16777216, logicalSessionTimeoutMinutes=30, roundTripTimeNanos=98010000}
2025-04-29T15:14:09.363+05:30  INFO 9380 --- [restartedMain] o.s.b.d.a.OptionalLiveReloadServer       : LiveReload server is running on port 35729
2025-04-29T15:14:10.951+05:30  INFO 9380 --- [restartedMain] o.s.b.w.embedded.tomcat.TomcatWebServer  : Tomcat started on port(s): 8080 (http) with context path ''
2025-04-29T15:14:10.982+05:30  INFO 9380 --- [restartedMain] c.p.ProductServiceApplication            : Started ProductServiceApplication in 9.233 seconds (process running for 10.705)
2025-04-29T15:14:46.047+05:30  INFO 9380 --- [http-nio-8080-exec-1] o.a.c.c.C.[Tomcat].[localhost].[/]       : Initializing Spring DispatcherServlet 'dispatcherServlet'
2025-04-29T15:14:46.049+05:30  INFO 9380 --- [http-nio-8080-exec-1] o.s.web.servlet.DispatcherServlet        : Initializing Servlet 'dispatcherServlet'
2025-04-29T15:14:46.052+05:30  INFO 9380 --- [http-nio-8080-exec-1] o.s.web.servlet.DispatcherServlet        : Completed initialization in 3 ms
2025-04-29T15:14:50.210+05:30  INFO 9380 --- [http-nio-8080-exec-1] c.p.services.CategoryService             : category update values set...
2025-04-29T15:14:50.210+05:30  INFO 9380 --- [http-nio-8080-exec-1] c.p.services.CategoryService             : category updated by id : c095ad4e-865d-413c-8dfd-c29ae6f82632
2025-04-29T15:14:50.215+05:30  INFO 9380 --- [http-nio-8080-exec-1] c.p.controllers.CategoryController       : update successfully by id : c095ad4e-865d-413c-8dfd-c29ae6f82632
2025-04-29T15:16:00.963+05:30  INFO 9380 --- [http-nio-8080-exec-5] c.p.services.CategoryService             : fetch all the categories..
2025-04-29T15:16:00.966+05:30  INFO 9380 --- [http-nio-8080-exec-5] c.p.controllers.CategoryController       : Finding the Categories successfully!
2025-04-29T15:16:06.251+05:30  INFO 9380 --- [http-nio-8080-exec-6] c.p.services.CategoryService             : fetch all the categories..
2025-04-29T15:16:06.253+05:30  INFO 9380 --- [http-nio-8080-exec-6] c.p.controllers.CategoryController       : Finding the Categories successfully!
2025-04-29T15:16:17.908+05:30  INFO 9380 --- [http-nio-8080-exec-8] c.p.services.CategoryService             : category update values set...
2025-04-29T15:16:17.908+05:30  INFO 9380 --- [http-nio-8080-exec-8] c.p.services.CategoryService             : category updated by id : c095ad4e-865d-413c-8dfd-c29ae6f82632
2025-04-29T15:16:17.908+05:30  INFO 9380 --- [http-nio-8080-exec-8] c.p.controllers.CategoryController       : update successfully by id : c095ad4e-865d-413c-8dfd-c29ae6f82632
2025-04-29T15:16:27.169+05:30  INFO 9380 --- [http-nio-8080-exec-7] c.p.services.CategoryService             : fetch all the categories..
2025-04-29T15:16:27.170+05:30  INFO 9380 --- [http-nio-8080-exec-7] c.p.controllers.CategoryController       : Finding the Categories successfully!
2025-04-29T15:17:54.786+05:30  INFO 15516 --- [restartedMain] c.p.ProductServiceApplication            : Starting ProductServiceApplication using Java 22.0.1 with PID 15516 (E:\rest_apis\product_service\target\classes started by TARUN in E:\rest_apis\product_service)
2025-04-29T15:17:54.790+05:30  INFO 15516 --- [restartedMain] c.p.ProductServiceApplication            : No active profile set, falling back to 1 default profile: "default"
2025-04-29T15:17:54.902+05:30  INFO 15516 --- [restartedMain] .e.DevToolsPropertyDefaultsPostProcessor : Devtools property defaults active! Set 'spring.devtools.add-properties' to 'false' to disable
2025-04-29T15:17:54.903+05:30  INFO 15516 --- [restartedMain] .e.DevToolsPropertyDefaultsPostProcessor : For additional web related logging consider setting the 'logging.level.web' property to 'DEBUG'
2025-04-29T15:17:56.339+05:30  INFO 15516 --- [restartedMain] .s.d.r.c.RepositoryConfigurationDelegate : Bootstrapping Spring Data MongoDB repositories in DEFAULT mode.
2025-04-29T15:17:56.456+05:30  INFO 15516 --- [restartedMain] .s.d.r.c.RepositoryConfigurationDelegate : Finished Spring Data repository scanning in 111 ms. Found 2 MongoDB repository interfaces.
2025-04-29T15:17:58.072+05:30  INFO 15516 --- [restartedMain] o.s.b.w.embedded.tomcat.TomcatWebServer  : Tomcat initialized with port(s): 8080 (http)
2025-04-29T15:17:58.087+05:30  INFO 15516 --- [restartedMain] o.apache.catalina.core.StandardService   : Starting service [Tomcat]
2025-04-29T15:17:58.088+05:30  INFO 15516 --- [restartedMain] o.apache.catalina.core.StandardEngine    : Starting Servlet engine: [Apache Tomcat/10.1.1]
2025-04-29T15:17:58.172+05:30  INFO 15516 --- [restartedMain] o.a.c.c.C.[Tomcat].[localhost].[/]       : Initializing Spring embedded WebApplicationContext
2025-04-29T15:17:58.173+05:30  INFO 15516 --- [restartedMain] w.s.c.ServletWebServerApplicationContext : Root WebApplicationContext: initialization completed in 3268 ms
2025-04-29T15:17:58.569+05:30  INFO 15516 --- [restartedMain] org.mongodb.driver.client                : MongoClient with metadata {"driver": {"name": "mongo-java-driver|sync|spring-boot", "version": "4.8.0"}, "os": {"type": "Windows", "name": "Windows 10", "architecture": "amd64", "version": "10.0"}, "platform": "Java/Oracle Corporation/22.0.1+8-16"} created with settings MongoClientSettings{readPreference=primary, writeConcern=WriteConcern{w=null, wTimeout=null ms, journal=null}, retryWrites=true, retryReads=true, readConcern=ReadConcern{level=null}, credential=null, streamFactoryFactory=null, commandListeners=[], codecRegistry=ProvidersCodecRegistry{codecProviders=[ValueCodecProvider{}, BsonValueCodecProvider{}, DBRefCodecProvider{}, DBObjectCodecProvider{}, DocumentCodecProvider{}, CollectionCodecProvider{}, IterableCodecProvider{}, MapCodecProvider{}, GeoJsonCodecProvider{}, GridFSFileCodecProvider{}, Jsr310CodecProvider{}, JsonObjectCodecProvider{}, BsonCodecProvider{}, EnumCodecProvider{}, com.mongodb.Jep395RecordCodecProvider@280f7307]}, clusterSettings={hosts=[localhost:27017], srvServiceName=mongodb, mode=SINGLE, requiredClusterType=UNKNOWN, requiredReplicaSetName='null', serverSelector='null', clusterListeners='[]', serverSelectionTimeout='30000 ms', localThreshold='30000 ms'}, socketSettings=SocketSettings{connectTimeoutMS=10000, readTimeoutMS=0, receiveBufferSize=0, sendBufferSize=0}, heartbeatSocketSettings=SocketSettings{connectTimeoutMS=10000, readTimeoutMS=10000, receiveBufferSize=0, sendBufferSize=0}, connectionPoolSettings=ConnectionPoolSettings{maxSize=100, minSize=0, maxWaitTimeMS=120000, maxConnectionLifeTimeMS=0, maxConnectionIdleTimeMS=0, maintenanceInitialDelayMS=0, maintenanceFrequencyMS=60000, connectionPoolListeners=[], maxConnecting=2}, serverSettings=ServerSettings{heartbeatFrequencyMS=10000, minHeartbeatFrequencyMS=500, serverListeners='[]', serverMonitorListeners='[]'}, sslSettings=SslSettings{enabled=false, invalidHostNameAllowed=false, context=null}, applicationName='null', compressorList=[], uuidRepresentation=JAVA_LEGACY, serverApi=null, autoEncryptionSettings=null, contextProvider=null}
2025-04-29T15:17:58.611+05:30  INFO 15516 --- [cluster-ClusterId{value='6810a04e5d8fcb13867a84b9', description='null'}-localhost:27017] org.mongodb.driver.cluster               : Monitor thread successfully connected to server with description ServerDescription{address=localhost:27017, type=STANDALONE, state=CONNECTED, ok=true, minWireVersion=0, maxWireVersion=17, maxDocumentSize=16777216, logicalSessionTimeoutMinutes=30, roundTripTimeNanos=34360500}
2025-04-29T15:17:58.916+05:30  INFO 15516 --- [restartedMain] o.s.b.d.a.OptionalLiveReloadServer       : LiveReload server is running on port 35729
2025-04-29T15:17:59.757+05:30  INFO 15516 --- [restartedMain] o.s.b.w.embedded.tomcat.TomcatWebServer  : Tomcat started on port(s): 8080 (http) with context path ''
2025-04-29T15:17:59.771+05:30  INFO 15516 --- [restartedMain] c.p.ProductServiceApplication            : Started ProductServiceApplication in 6.181 seconds (process running for 7.222)
2025-04-29T15:18:26.082+05:30  INFO 15516 --- [http-nio-8080-exec-2] o.a.c.c.C.[Tomcat].[localhost].[/]       : Initializing Spring DispatcherServlet 'dispatcherServlet'
2025-04-29T15:18:26.083+05:30  INFO 15516 --- [http-nio-8080-exec-2] o.s.web.servlet.DispatcherServlet        : Initializing Servlet 'dispatcherServlet'
2025-04-29T15:18:26.093+05:30  INFO 15516 --- [http-nio-8080-exec-2] o.s.web.servlet.DispatcherServlet        : Completed initialization in 7 ms
2025-04-29T15:18:26.703+05:30  INFO 15516 --- [http-nio-8080-exec-2] c.p.services.CategoryService             : category update values set...
2025-04-29T15:18:26.703+05:30  INFO 15516 --- [http-nio-8080-exec-2] c.p.services.CategoryService             : category updated by id : c095ad4e-865d-413c-8dfd-c29ae6f82632
2025-04-29T15:18:26.812+05:30  INFO 15516 --- [http-nio-8080-exec-2] c.p.controllers.CategoryController       : update successfully by id : c095ad4e-865d-413c-8dfd-c29ae6f82632
2025-04-29T15:18:31.382+05:30  INFO 15516 --- [http-nio-8080-exec-3] c.p.services.CategoryService             : fetch all the categories..
2025-04-29T15:18:31.384+05:30  INFO 15516 --- [http-nio-8080-exec-3] c.p.controllers.CategoryController       : Finding the Categories successfully!
2025-04-29T15:18:56.783+05:30  INFO 15516 --- [http-nio-8080-exec-4] c.p.services.CategoryService             : category field update values set...
2025-04-29T15:18:56.784+05:30  INFO 15516 --- [http-nio-8080-exec-4] c.p.services.CategoryService             : category field updated by id : c095ad4e-865d-413c-8dfd-c29ae6f82632
2025-04-29T15:18:56.793+05:30  INFO 15516 --- [http-nio-8080-exec-4] c.p.controllers.CategoryController       : update category field successfully by id : c095ad4e-865d-413c-8dfd-c29ae6f82632
2025-04-29T15:19:04.009+05:30  INFO 15516 --- [http-nio-8080-exec-5] c.p.services.CategoryService             : fetch all the categories..
2025-04-29T15:19:04.009+05:30  INFO 15516 --- [http-nio-8080-exec-5] c.p.controllers.CategoryController       : Finding the Categories successfully!
2025-04-29T15:25:18.985+05:30  INFO 7284 --- [restartedMain] c.p.ProductServiceApplication            : Starting ProductServiceApplication using Java 22.0.1 with PID 7284 (E:\rest_apis\product_service\target\classes started by TARUN in E:\rest_apis\product_service)
2025-04-29T15:25:18.990+05:30  INFO 7284 --- [restartedMain] c.p.ProductServiceApplication            : No active profile set, falling back to 1 default profile: "default"
2025-04-29T15:25:19.131+05:30  INFO 7284 --- [restartedMain] .e.DevToolsPropertyDefaultsPostProcessor : Devtools property defaults active! Set 'spring.devtools.add-properties' to 'false' to disable
2025-04-29T15:25:19.131+05:30  INFO 7284 --- [restartedMain] .e.DevToolsPropertyDefaultsPostProcessor : For additional web related logging consider setting the 'logging.level.web' property to 'DEBUG'
2025-04-29T15:25:20.620+05:30  INFO 7284 --- [restartedMain] .s.d.r.c.RepositoryConfigurationDelegate : Bootstrapping Spring Data MongoDB repositories in DEFAULT mode.
2025-04-29T15:25:20.778+05:30  INFO 7284 --- [restartedMain] .s.d.r.c.RepositoryConfigurationDelegate : Finished Spring Data repository scanning in 147 ms. Found 2 MongoDB repository interfaces.
2025-04-29T15:25:22.209+05:30  INFO 7284 --- [restartedMain] o.s.b.w.embedded.tomcat.TomcatWebServer  : Tomcat initialized with port(s): 8080 (http)
2025-04-29T15:25:22.236+05:30  INFO 7284 --- [restartedMain] o.apache.catalina.core.StandardService   : Starting service [Tomcat]
2025-04-29T15:25:22.237+05:30  INFO 7284 --- [restartedMain] o.apache.catalina.core.StandardEngine    : Starting Servlet engine: [Apache Tomcat/10.1.1]
2025-04-29T15:25:22.372+05:30  INFO 7284 --- [restartedMain] o.a.c.c.C.[Tomcat].[localhost].[/]       : Initializing Spring embedded WebApplicationContext
2025-04-29T15:25:22.374+05:30  INFO 7284 --- [restartedMain] w.s.c.ServletWebServerApplicationContext : Root WebApplicationContext: initialization completed in 3240 ms
2025-04-29T15:25:22.849+05:30  INFO 7284 --- [restartedMain] org.mongodb.driver.client                : MongoClient with metadata {"driver": {"name": "mongo-java-driver|sync|spring-boot", "version": "4.8.0"}, "os": {"type": "Windows", "name": "Windows 10", "architecture": "amd64", "version": "10.0"}, "platform": "Java/Oracle Corporation/22.0.1+8-16"} created with settings MongoClientSettings{readPreference=primary, writeConcern=WriteConcern{w=null, wTimeout=null ms, journal=null}, retryWrites=true, retryReads=true, readConcern=ReadConcern{level=null}, credential=null, streamFactoryFactory=null, commandListeners=[], codecRegistry=ProvidersCodecRegistry{codecProviders=[ValueCodecProvider{}, BsonValueCodecProvider{}, DBRefCodecProvider{}, DBObjectCodecProvider{}, DocumentCodecProvider{}, CollectionCodecProvider{}, IterableCodecProvider{}, MapCodecProvider{}, GeoJsonCodecProvider{}, GridFSFileCodecProvider{}, Jsr310CodecProvider{}, JsonObjectCodecProvider{}, BsonCodecProvider{}, EnumCodecProvider{}, com.mongodb.Jep395RecordCodecProvider@970d2b]}, clusterSettings={hosts=[localhost:27017], srvServiceName=mongodb, mode=SINGLE, requiredClusterType=UNKNOWN, requiredReplicaSetName='null', serverSelector='null', clusterListeners='[]', serverSelectionTimeout='30000 ms', localThreshold='30000 ms'}, socketSettings=SocketSettings{connectTimeoutMS=10000, readTimeoutMS=0, receiveBufferSize=0, sendBufferSize=0}, heartbeatSocketSettings=SocketSettings{connectTimeoutMS=10000, readTimeoutMS=10000, receiveBufferSize=0, sendBufferSize=0}, connectionPoolSettings=ConnectionPoolSettings{maxSize=100, minSize=0, maxWaitTimeMS=120000, maxConnectionLifeTimeMS=0, maxConnectionIdleTimeMS=0, maintenanceInitialDelayMS=0, maintenanceFrequencyMS=60000, connectionPoolListeners=[], maxConnecting=2}, serverSettings=ServerSettings{heartbeatFrequencyMS=10000, minHeartbeatFrequencyMS=500, serverListeners='[]', serverMonitorListeners='[]'}, sslSettings=SslSettings{enabled=false, invalidHostNameAllowed=false, context=null}, applicationName='null', compressorList=[], uuidRepresentation=JAVA_LEGACY, serverApi=null, autoEncryptionSettings=null, contextProvider=null}
2025-04-29T15:25:22.889+05:30  INFO 7284 --- [cluster-ClusterId{value='6810a20a3f18c96985230d80', description='null'}-localhost:27017] org.mongodb.driver.cluster               : Monitor thread successfully connected to server with description ServerDescription{address=localhost:27017, type=STANDALONE, state=CONNECTED, ok=true, minWireVersion=0, maxWireVersion=17, maxDocumentSize=16777216, logicalSessionTimeoutMinutes=30, roundTripTimeNanos=62471000}
2025-04-29T15:25:23.204+05:30  INFO 7284 --- [restartedMain] o.s.b.d.a.OptionalLiveReloadServer       : LiveReload server is running on port 35729
2025-04-29T15:25:24.124+05:30  INFO 7284 --- [restartedMain] o.s.b.w.embedded.tomcat.TomcatWebServer  : Tomcat started on port(s): 8080 (http) with context path ''
2025-04-29T15:25:24.142+05:30  INFO 7284 --- [restartedMain] c.p.ProductServiceApplication            : Started ProductServiceApplication in 6.378 seconds (process running for 7.738)
2025-04-29T15:25:40.159+05:30  INFO 7284 --- [http-nio-8080-exec-1] o.a.c.c.C.[Tomcat].[localhost].[/]       : Initializing Spring DispatcherServlet 'dispatcherServlet'
2025-04-29T15:25:40.160+05:30  INFO 7284 --- [http-nio-8080-exec-1] o.s.web.servlet.DispatcherServlet        : Initializing Servlet 'dispatcherServlet'
2025-04-29T15:25:40.162+05:30  INFO 7284 --- [http-nio-8080-exec-1] o.s.web.servlet.DispatcherServlet        : Completed initialization in 2 ms
2025-04-29T15:25:40.573+05:30  INFO 7284 --- [http-nio-8080-exec-1] c.p.services.CategoryService             : category update values set...
2025-04-29T15:25:40.574+05:30  INFO 7284 --- [http-nio-8080-exec-1] c.p.services.CategoryService             : category updated by id : c095ad4e-865d-413c-8dfd-c29ae6f82632
2025-04-29T15:25:40.645+05:30  INFO 7284 --- [http-nio-8080-exec-1] c.p.controllers.CategoryController       : update successfully by id : c095ad4e-865d-413c-8dfd-c29ae6f82632
2025-04-29T15:25:46.021+05:30  INFO 7284 --- [http-nio-8080-exec-3] c.p.services.CategoryService             : fetch all the categories..
2025-04-29T15:25:46.024+05:30  INFO 7284 --- [http-nio-8080-exec-3] c.p.controllers.CategoryController       : Finding the Categories successfully!
2025-04-29T15:26:01.630+05:30  INFO 7284 --- [http-nio-8080-exec-4] c.p.services.CategoryService             : category field update values set...
2025-04-29T15:26:01.631+05:30  INFO 7284 --- [http-nio-8080-exec-4] c.p.services.CategoryService             : category field updated by id : c095ad4e-865d-413c-8dfd-c29ae6f82632
2025-04-29T15:26:01.636+05:30  INFO 7284 --- [http-nio-8080-exec-4] c.p.controllers.CategoryController       : update category field successfully by id : c095ad4e-865d-413c-8dfd-c29ae6f82632
2025-04-29T18:05:42.430+05:30  INFO 10984 --- [restartedMain] c.p.ProductServiceApplication            : Starting ProductServiceApplication using Java 22.0.1 with PID 10984 (E:\rest_apis\product_service\target\classes started by TARUN in E:\rest_apis\product_service)
2025-04-29T18:05:42.435+05:30  INFO 10984 --- [restartedMain] c.p.ProductServiceApplication            : No active profile set, falling back to 1 default profile: "default"
2025-04-29T18:05:42.581+05:30  INFO 10984 --- [restartedMain] .e.DevToolsPropertyDefaultsPostProcessor : Devtools property defaults active! Set 'spring.devtools.add-properties' to 'false' to disable
2025-04-29T18:05:42.582+05:30  INFO 10984 --- [restartedMain] .e.DevToolsPropertyDefaultsPostProcessor : For additional web related logging consider setting the 'logging.level.web' property to 'DEBUG'
2025-04-29T18:05:44.472+05:30  INFO 10984 --- [restartedMain] .s.d.r.c.RepositoryConfigurationDelegate : Bootstrapping Spring Data MongoDB repositories in DEFAULT mode.
2025-04-29T18:05:44.673+05:30  INFO 10984 --- [restartedMain] .s.d.r.c.RepositoryConfigurationDelegate : Finished Spring Data repository scanning in 187 ms. Found 2 MongoDB repository interfaces.
2025-04-29T18:05:46.811+05:30  INFO 10984 --- [restartedMain] o.s.b.w.embedded.tomcat.TomcatWebServer  : Tomcat initialized with port(s): 8080 (http)
2025-04-29T18:05:46.850+05:30  INFO 10984 --- [restartedMain] o.apache.catalina.core.StandardService   : Starting service [Tomcat]
2025-04-29T18:05:46.852+05:30  INFO 10984 --- [restartedMain] o.apache.catalina.core.StandardEngine    : Starting Servlet engine: [Apache Tomcat/10.1.1]
2025-04-29T18:05:47.063+05:30  INFO 10984 --- [restartedMain] o.a.c.c.C.[Tomcat].[localhost].[/]       : Initializing Spring embedded WebApplicationContext
2025-04-29T18:05:47.067+05:30  INFO 10984 --- [restartedMain] w.s.c.ServletWebServerApplicationContext : Root WebApplicationContext: initialization completed in 4481 ms
2025-04-29T18:05:47.764+05:30  INFO 10984 --- [restartedMain] org.mongodb.driver.client                : MongoClient with metadata {"driver": {"name": "mongo-java-driver|sync|spring-boot", "version": "4.8.0"}, "os": {"type": "Windows", "name": "Windows 10", "architecture": "amd64", "version": "10.0"}, "platform": "Java/Oracle Corporation/22.0.1+8-16"} created with settings MongoClientSettings{readPreference=primary, writeConcern=WriteConcern{w=null, wTimeout=null ms, journal=null}, retryWrites=true, retryReads=true, readConcern=ReadConcern{level=null}, credential=null, streamFactoryFactory=null, commandListeners=[], codecRegistry=ProvidersCodecRegistry{codecProviders=[ValueCodecProvider{}, BsonValueCodecProvider{}, DBRefCodecProvider{}, DBObjectCodecProvider{}, DocumentCodecProvider{}, CollectionCodecProvider{}, IterableCodecProvider{}, MapCodecProvider{}, GeoJsonCodecProvider{}, GridFSFileCodecProvider{}, Jsr310CodecProvider{}, JsonObjectCodecProvider{}, BsonCodecProvider{}, EnumCodecProvider{}, com.mongodb.Jep395RecordCodecProvider@34e5adb9]}, clusterSettings={hosts=[localhost:27017], srvServiceName=mongodb, mode=SINGLE, requiredClusterType=UNKNOWN, requiredReplicaSetName='null', serverSelector='null', clusterListeners='[]', serverSelectionTimeout='30000 ms', localThreshold='30000 ms'}, socketSettings=SocketSettings{connectTimeoutMS=10000, readTimeoutMS=0, receiveBufferSize=0, sendBufferSize=0}, heartbeatSocketSettings=SocketSettings{connectTimeoutMS=10000, readTimeoutMS=10000, receiveBufferSize=0, sendBufferSize=0}, connectionPoolSettings=ConnectionPoolSettings{maxSize=100, minSize=0, maxWaitTimeMS=120000, maxConnectionLifeTimeMS=0, maxConnectionIdleTimeMS=0, maintenanceInitialDelayMS=0, maintenanceFrequencyMS=60000, connectionPoolListeners=[], maxConnecting=2}, serverSettings=ServerSettings{heartbeatFrequencyMS=10000, minHeartbeatFrequencyMS=500, serverListeners='[]', serverMonitorListeners='[]'}, sslSettings=SslSettings{enabled=false, invalidHostNameAllowed=false, context=null}, applicationName='null', compressorList=[], uuidRepresentation=JAVA_LEGACY, serverApi=null, autoEncryptionSettings=null, contextProvider=null}
2025-04-29T18:05:47.819+05:30  INFO 10984 --- [cluster-ClusterId{value='6810c7a3b680f168f7a6d1f7', description='null'}-localhost:27017] org.mongodb.driver.cluster               : Monitor thread successfully connected to server with description ServerDescription{address=localhost:27017, type=STANDALONE, state=CONNECTED, ok=true, minWireVersion=0, maxWireVersion=17, maxDocumentSize=16777216, logicalSessionTimeoutMinutes=30, roundTripTimeNanos=57568000}
2025-04-29T18:05:48.237+05:30  INFO 10984 --- [restartedMain] o.s.b.d.a.OptionalLiveReloadServer       : LiveReload server is running on port 35729
2025-04-29T18:05:50.650+05:30  INFO 10984 --- [restartedMain] o.s.b.w.embedded.tomcat.TomcatWebServer  : Tomcat started on port(s): 8080 (http) with context path ''
2025-04-29T18:05:50.679+05:30  INFO 10984 --- [restartedMain] c.p.ProductServiceApplication            : Started ProductServiceApplication in 9.842 seconds (process running for 11.3)
2025-04-29T18:06:06.546+05:30  INFO 10984 --- [http-nio-8080-exec-2] o.a.c.c.C.[Tomcat].[localhost].[/]       : Initializing Spring DispatcherServlet 'dispatcherServlet'
2025-04-29T18:06:06.546+05:30  INFO 10984 --- [http-nio-8080-exec-2] o.s.web.servlet.DispatcherServlet        : Initializing Servlet 'dispatcherServlet'
2025-04-29T18:06:06.550+05:30  INFO 10984 --- [http-nio-8080-exec-2] o.s.web.servlet.DispatcherServlet        : Completed initialization in 3 ms
2025-04-29T18:06:06.843+05:30  INFO 10984 --- [http-nio-8080-exec-2] c.p.services.CategoryService             : category getting...
2025-04-29T18:06:06.845+05:30  INFO 10984 --- [http-nio-8080-exec-2] c.p.controllers.CategoryController       : Get category details successfully by id : c095ad4e-865d-413c-8dfd-c29ae6f82632
2025-04-29T21:41:23.409+05:30  INFO 12012 --- [restartedMain] c.p.ProductServiceApplication            : Starting ProductServiceApplication using Java 22.0.1 with PID 12012 (E:\rest_apis\product_service\target\classes started by TARUN in E:\rest_apis\product_service)
2025-04-29T21:41:23.414+05:30  INFO 12012 --- [restartedMain] c.p.ProductServiceApplication            : No active profile set, falling back to 1 default profile: "default"
2025-04-29T21:41:23.869+05:30  INFO 12012 --- [restartedMain] .e.DevToolsPropertyDefaultsPostProcessor : Devtools property defaults active! Set 'spring.devtools.add-properties' to 'false' to disable
2025-04-29T21:41:23.871+05:30  INFO 12012 --- [restartedMain] .e.DevToolsPropertyDefaultsPostProcessor : For additional web related logging consider setting the 'logging.level.web' property to 'DEBUG'
2025-04-29T21:41:26.389+05:30  INFO 12012 --- [restartedMain] .s.d.r.c.RepositoryConfigurationDelegate : Bootstrapping Spring Data MongoDB repositories in DEFAULT mode.
2025-04-29T21:41:26.564+05:30  INFO 12012 --- [restartedMain] .s.d.r.c.RepositoryConfigurationDelegate : Finished Spring Data repository scanning in 164 ms. Found 2 MongoDB repository interfaces.
2025-04-29T21:41:28.788+05:30  INFO 12012 --- [restartedMain] o.s.b.w.embedded.tomcat.TomcatWebServer  : Tomcat initialized with port(s): 8080 (http)
2025-04-29T21:41:28.818+05:30  INFO 12012 --- [restartedMain] o.apache.catalina.core.StandardService   : Starting service [Tomcat]
2025-04-29T21:41:28.820+05:30  INFO 12012 --- [restartedMain] o.apache.catalina.core.StandardEngine    : Starting Servlet engine: [Apache Tomcat/10.1.1]
2025-04-29T21:41:28.970+05:30  INFO 12012 --- [restartedMain] o.a.c.c.C.[Tomcat].[localhost].[/]       : Initializing Spring embedded WebApplicationContext
2025-04-29T21:41:28.972+05:30  INFO 12012 --- [restartedMain] w.s.c.ServletWebServerApplicationContext : Root WebApplicationContext: initialization completed in 5096 ms
2025-04-29T21:41:29.904+05:30  INFO 12012 --- [restartedMain] org.mongodb.driver.client                : MongoClient with metadata {"driver": {"name": "mongo-java-driver|sync|spring-boot", "version": "4.8.0"}, "os": {"type": "Windows", "name": "Windows 10", "architecture": "amd64", "version": "10.0"}, "platform": "Java/Oracle Corporation/22.0.1+8-16"} created with settings MongoClientSettings{readPreference=primary, writeConcern=WriteConcern{w=null, wTimeout=null ms, journal=null}, retryWrites=true, retryReads=true, readConcern=ReadConcern{level=null}, credential=null, streamFactoryFactory=null, commandListeners=[], codecRegistry=ProvidersCodecRegistry{codecProviders=[ValueCodecProvider{}, BsonValueCodecProvider{}, DBRefCodecProvider{}, DBObjectCodecProvider{}, DocumentCodecProvider{}, CollectionCodecProvider{}, IterableCodecProvider{}, MapCodecProvider{}, GeoJsonCodecProvider{}, GridFSFileCodecProvider{}, Jsr310CodecProvider{}, JsonObjectCodecProvider{}, BsonCodecProvider{}, EnumCodecProvider{}, com.mongodb.Jep395RecordCodecProvider@1bdb461c]}, clusterSettings={hosts=[localhost:27017], srvServiceName=mongodb, mode=SINGLE, requiredClusterType=UNKNOWN, requiredReplicaSetName='null', serverSelector='null', clusterListeners='[]', serverSelectionTimeout='30000 ms', localThreshold='30000 ms'}, socketSettings=SocketSettings{connectTimeoutMS=10000, readTimeoutMS=0, receiveBufferSize=0, sendBufferSize=0}, heartbeatSocketSettings=SocketSettings{connectTimeoutMS=10000, readTimeoutMS=10000, receiveBufferSize=0, sendBufferSize=0}, connectionPoolSettings=ConnectionPoolSettings{maxSize=100, minSize=0, maxWaitTimeMS=120000, maxConnectionLifeTimeMS=0, maxConnectionIdleTimeMS=0, maintenanceInitialDelayMS=0, maintenanceFrequencyMS=60000, connectionPoolListeners=[], maxConnecting=2}, serverSettings=ServerSettings{heartbeatFrequencyMS=10000, minHeartbeatFrequencyMS=500, serverListeners='[]', serverMonitorListeners='[]'}, sslSettings=SslSettings{enabled=false, invalidHostNameAllowed=false, context=null}, applicationName='null', compressorList=[], uuidRepresentation=JAVA_LEGACY, serverApi=null, autoEncryptionSettings=null, contextProvider=null}
2025-04-29T21:41:29.974+05:30  INFO 12012 --- [cluster-ClusterId{value='6810fa314792db5a130ca163', description='null'}-localhost:27017] org.mongodb.driver.cluster               : Monitor thread successfully connected to server with description ServerDescription{address=localhost:27017, type=STANDALONE, state=CONNECTED, ok=true, minWireVersion=0, maxWireVersion=17, maxDocumentSize=16777216, logicalSessionTimeoutMinutes=30, roundTripTimeNanos=84340100}
2025-04-29T21:41:30.380+05:30  INFO 12012 --- [restartedMain] o.s.b.d.a.OptionalLiveReloadServer       : LiveReload server is running on port 35729
2025-04-29T21:41:32.456+05:30  INFO 12012 --- [restartedMain] o.s.b.w.embedded.tomcat.TomcatWebServer  : Tomcat started on port(s): 8080 (http) with context path ''
2025-04-29T21:41:32.477+05:30  INFO 12012 --- [restartedMain] c.p.ProductServiceApplication            : Started ProductServiceApplication in 10.815 seconds (process running for 12.98)
2025-04-29T21:43:17.342+05:30  INFO 12012 --- [http-nio-8080-exec-1] o.a.c.c.C.[Tomcat].[localhost].[/]       : Initializing Spring DispatcherServlet 'dispatcherServlet'
2025-04-29T21:43:17.343+05:30  INFO 12012 --- [http-nio-8080-exec-1] o.s.web.servlet.DispatcherServlet        : Initializing Servlet 'dispatcherServlet'
2025-04-29T21:43:17.350+05:30  INFO 12012 --- [http-nio-8080-exec-1] o.s.web.servlet.DispatcherServlet        : Completed initialization in 6 ms
2025-04-29T21:43:17.921+05:30  INFO 12012 --- [http-nio-8080-exec-1] c.p.services.ProductServiceImpl          : product save successfully in DB
2025-04-29T21:43:17.922+05:30  INFO 12012 --- [http-nio-8080-exec-1] c.p.controllers.ProductController        : Product register successfully by id : 0dc11b2d-6928-4e21-9a68-f443b4a72e17
2025-04-29T21:44:33.009+05:30  INFO 13396 --- [restartedMain] c.p.ProductServiceApplication            : Starting ProductServiceApplication using Java 22.0.1 with PID 13396 (E:\rest_apis\product_service\target\classes started by TARUN in E:\rest_apis\product_service)
2025-04-29T21:44:33.014+05:30  INFO 13396 --- [restartedMain] c.p.ProductServiceApplication            : No active profile set, falling back to 1 default profile: "default"
2025-04-29T21:44:33.200+05:30  INFO 13396 --- [restartedMain] .e.DevToolsPropertyDefaultsPostProcessor : Devtools property defaults active! Set 'spring.devtools.add-properties' to 'false' to disable
2025-04-29T21:44:33.201+05:30  INFO 13396 --- [restartedMain] .e.DevToolsPropertyDefaultsPostProcessor : For additional web related logging consider setting the 'logging.level.web' property to 'DEBUG'
2025-04-29T21:44:35.053+05:30  INFO 13396 --- [restartedMain] .s.d.r.c.RepositoryConfigurationDelegate : Bootstrapping Spring Data MongoDB repositories in DEFAULT mode.
2025-04-29T21:44:35.302+05:30  INFO 13396 --- [restartedMain] .s.d.r.c.RepositoryConfigurationDelegate : Finished Spring Data repository scanning in 231 ms. Found 2 MongoDB repository interfaces.
2025-04-29T21:44:37.226+05:30  INFO 13396 --- [restartedMain] o.s.b.w.embedded.tomcat.TomcatWebServer  : Tomcat initialized with port(s): 8080 (http)
2025-04-29T21:44:37.250+05:30  INFO 13396 --- [restartedMain] o.apache.catalina.core.StandardService   : Starting service [Tomcat]
2025-04-29T21:44:37.251+05:30  INFO 13396 --- [restartedMain] o.apache.catalina.core.StandardEngine    : Starting Servlet engine: [Apache Tomcat/10.1.1]
2025-04-29T21:44:37.368+05:30  INFO 13396 --- [restartedMain] o.a.c.c.C.[Tomcat].[localhost].[/]       : Initializing Spring embedded WebApplicationContext
2025-04-29T21:44:37.370+05:30  INFO 13396 --- [restartedMain] w.s.c.ServletWebServerApplicationContext : Root WebApplicationContext: initialization completed in 4165 ms
2025-04-29T21:44:38.008+05:30  INFO 13396 --- [restartedMain] org.mongodb.driver.client                : MongoClient with metadata {"driver": {"name": "mongo-java-driver|sync|spring-boot", "version": "4.8.0"}, "os": {"type": "Windows", "name": "Windows 10", "architecture": "amd64", "version": "10.0"}, "platform": "Java/Oracle Corporation/22.0.1+8-16"} created with settings MongoClientSettings{readPreference=primary, writeConcern=WriteConcern{w=null, wTimeout=null ms, journal=null}, retryWrites=true, retryReads=true, readConcern=ReadConcern{level=null}, credential=null, streamFactoryFactory=null, commandListeners=[], codecRegistry=ProvidersCodecRegistry{codecProviders=[ValueCodecProvider{}, BsonValueCodecProvider{}, DBRefCodecProvider{}, DBObjectCodecProvider{}, DocumentCodecProvider{}, CollectionCodecProvider{}, IterableCodecProvider{}, MapCodecProvider{}, GeoJsonCodecProvider{}, GridFSFileCodecProvider{}, Jsr310CodecProvider{}, JsonObjectCodecProvider{}, BsonCodecProvider{}, EnumCodecProvider{}, com.mongodb.Jep395RecordCodecProvider@610e89d6]}, clusterSettings={hosts=[localhost:27017], srvServiceName=mongodb, mode=SINGLE, requiredClusterType=UNKNOWN, requiredReplicaSetName='null', serverSelector='null', clusterListeners='[]', serverSelectionTimeout='30000 ms', localThreshold='30000 ms'}, socketSettings=SocketSettings{connectTimeoutMS=10000, readTimeoutMS=0, receiveBufferSize=0, sendBufferSize=0}, heartbeatSocketSettings=SocketSettings{connectTimeoutMS=10000, readTimeoutMS=10000, receiveBufferSize=0, sendBufferSize=0}, connectionPoolSettings=ConnectionPoolSettings{maxSize=100, minSize=0, maxWaitTimeMS=120000, maxConnectionLifeTimeMS=0, maxConnectionIdleTimeMS=0, maintenanceInitialDelayMS=0, maintenanceFrequencyMS=60000, connectionPoolListeners=[], maxConnecting=2}, serverSettings=ServerSettings{heartbeatFrequencyMS=10000, minHeartbeatFrequencyMS=500, serverListeners='[]', serverMonitorListeners='[]'}, sslSettings=SslSettings{enabled=false, invalidHostNameAllowed=false, context=null}, applicationName='null', compressorList=[], uuidRepresentation=JAVA_LEGACY, serverApi=null, autoEncryptionSettings=null, contextProvider=null}
2025-04-29T21:44:38.115+05:30  INFO 13396 --- [cluster-ClusterId{value='6810faedd868db7fcd97522b', description='null'}-localhost:27017] org.mongodb.driver.cluster               : Monitor thread successfully connected to server with description ServerDescription{address=localhost:27017, type=STANDALONE, state=CONNECTED, ok=true, minWireVersion=0, maxWireVersion=17, maxDocumentSize=16777216, logicalSessionTimeoutMinutes=30, roundTripTimeNanos=90995800}
2025-04-29T21:44:38.530+05:30  INFO 13396 --- [restartedMain] o.s.b.d.a.OptionalLiveReloadServer       : LiveReload server is running on port 35729
2025-04-29T21:44:41.502+05:30  INFO 13396 --- [restartedMain] o.s.b.w.embedded.tomcat.TomcatWebServer  : Tomcat started on port(s): 8080 (http) with context path ''
2025-04-29T21:44:41.545+05:30  INFO 13396 --- [restartedMain] c.p.ProductServiceApplication            : Started ProductServiceApplication in 10.161 seconds (process running for 11.807)
2025-04-29T21:46:57.342+05:30  INFO 13396 --- [http-nio-8080-exec-3] o.a.c.c.C.[Tomcat].[localhost].[/]       : Initializing Spring DispatcherServlet 'dispatcherServlet'
2025-04-29T21:46:57.344+05:30  INFO 13396 --- [http-nio-8080-exec-3] o.s.web.servlet.DispatcherServlet        : Initializing Servlet 'dispatcherServlet'
2025-04-29T21:46:57.354+05:30  INFO 13396 --- [http-nio-8080-exec-3] o.s.web.servlet.DispatcherServlet        : Completed initialization in 6 ms
2025-04-29T21:51:47.098+05:30  INFO 13396 --- [http-nio-8080-exec-3] c.p.services.ProductServiceImpl          : product save successfully in DB
2025-04-29T21:51:47.099+05:30  INFO 13396 --- [http-nio-8080-exec-3] c.p.controllers.ProductController        : Product register successfully by id : fedba875-ad28-4cf9-b0dc-2352fcb3fc7a
2025-04-29T21:51:57.334+05:30  INFO 16244 --- [restartedMain] c.p.ProductServiceApplication            : Starting ProductServiceApplication using Java 22.0.1 with PID 16244 (E:\rest_apis\product_service\target\classes started by TARUN in E:\rest_apis\product_service)
2025-04-29T21:51:57.339+05:30  INFO 16244 --- [restartedMain] c.p.ProductServiceApplication            : No active profile set, falling back to 1 default profile: "default"
2025-04-29T21:51:57.502+05:30  INFO 16244 --- [restartedMain] .e.DevToolsPropertyDefaultsPostProcessor : Devtools property defaults active! Set 'spring.devtools.add-properties' to 'false' to disable
2025-04-29T21:51:57.502+05:30  INFO 16244 --- [restartedMain] .e.DevToolsPropertyDefaultsPostProcessor : For additional web related logging consider setting the 'logging.level.web' property to 'DEBUG'
2025-04-29T21:51:59.137+05:30  INFO 16244 --- [restartedMain] .s.d.r.c.RepositoryConfigurationDelegate : Bootstrapping Spring Data MongoDB repositories in DEFAULT mode.
2025-04-29T21:51:59.307+05:30  INFO 16244 --- [restartedMain] .s.d.r.c.RepositoryConfigurationDelegate : Finished Spring Data repository scanning in 157 ms. Found 2 MongoDB repository interfaces.
2025-04-29T21:52:01.071+05:30  INFO 16244 --- [restartedMain] o.s.b.w.embedded.tomcat.TomcatWebServer  : Tomcat initialized with port(s): 8080 (http)
2025-04-29T21:52:01.132+05:30  INFO 16244 --- [restartedMain] o.apache.catalina.core.StandardService   : Starting service [Tomcat]
2025-04-29T21:52:01.133+05:30  INFO 16244 --- [restartedMain] o.apache.catalina.core.StandardEngine    : Starting Servlet engine: [Apache Tomcat/10.1.1]
2025-04-29T21:52:01.348+05:30  INFO 16244 --- [restartedMain] o.a.c.c.C.[Tomcat].[localhost].[/]       : Initializing Spring embedded WebApplicationContext
2025-04-29T21:52:01.350+05:30  INFO 16244 --- [restartedMain] w.s.c.ServletWebServerApplicationContext : Root WebApplicationContext: initialization completed in 3846 ms
2025-04-29T21:52:02.172+05:30  INFO 16244 --- [restartedMain] org.mongodb.driver.client                : MongoClient with metadata {"driver": {"name": "mongo-java-driver|sync|spring-boot", "version": "4.8.0"}, "os": {"type": "Windows", "name": "Windows 10", "architecture": "amd64", "version": "10.0"}, "platform": "Java/Oracle Corporation/22.0.1+8-16"} created with settings MongoClientSettings{readPreference=primary, writeConcern=WriteConcern{w=null, wTimeout=null ms, journal=null}, retryWrites=true, retryReads=true, readConcern=ReadConcern{level=null}, credential=null, streamFactoryFactory=null, commandListeners=[], codecRegistry=ProvidersCodecRegistry{codecProviders=[ValueCodecProvider{}, BsonValueCodecProvider{}, DBRefCodecProvider{}, DBObjectCodecProvider{}, DocumentCodecProvider{}, CollectionCodecProvider{}, IterableCodecProvider{}, MapCodecProvider{}, GeoJsonCodecProvider{}, GridFSFileCodecProvider{}, Jsr310CodecProvider{}, JsonObjectCodecProvider{}, BsonCodecProvider{}, EnumCodecProvider{}, com.mongodb.Jep395RecordCodecProvider@76f1c738]}, clusterSettings={hosts=[localhost:27017], srvServiceName=mongodb, mode=SINGLE, requiredClusterType=UNKNOWN, requiredReplicaSetName='null', serverSelector='null', clusterListeners='[]', serverSelectionTimeout='30000 ms', localThreshold='30000 ms'}, socketSettings=SocketSettings{connectTimeoutMS=10000, readTimeoutMS=0, receiveBufferSize=0, sendBufferSize=0}, heartbeatSocketSettings=SocketSettings{connectTimeoutMS=10000, readTimeoutMS=10000, receiveBufferSize=0, sendBufferSize=0}, connectionPoolSettings=ConnectionPoolSettings{maxSize=100, minSize=0, maxWaitTimeMS=120000, maxConnectionLifeTimeMS=0, maxConnectionIdleTimeMS=0, maintenanceInitialDelayMS=0, maintenanceFrequencyMS=60000, connectionPoolListeners=[], maxConnecting=2}, serverSettings=ServerSettings{heartbeatFrequencyMS=10000, minHeartbeatFrequencyMS=500, serverListeners='[]', serverMonitorListeners='[]'}, sslSettings=SslSettings{enabled=false, invalidHostNameAllowed=false, context=null}, applicationName='null', compressorList=[], uuidRepresentation=JAVA_LEGACY, serverApi=null, autoEncryptionSettings=null, contextProvider=null}
2025-04-29T21:52:02.305+05:30  INFO 16244 --- [cluster-ClusterId{value='6810fca9fbc1957bb222de81', description='null'}-localhost:27017] org.mongodb.driver.cluster               : Monitor thread successfully connected to server with description ServerDescription{address=localhost:27017, type=STANDALONE, state=CONNECTED, ok=true, minWireVersion=0, maxWireVersion=17, maxDocumentSize=16777216, logicalSessionTimeoutMinutes=30, roundTripTimeNanos=136125000}
2025-04-29T21:52:03.450+05:30  INFO 16244 --- [restartedMain] o.s.b.d.a.OptionalLiveReloadServer       : LiveReload server is running on port 35729
2025-04-29T21:52:06.468+05:30  INFO 16244 --- [restartedMain] o.s.b.w.embedded.tomcat.TomcatWebServer  : Tomcat started on port(s): 8080 (http) with context path ''
2025-04-29T21:52:06.492+05:30  INFO 16244 --- [restartedMain] c.p.ProductServiceApplication            : Started ProductServiceApplication in 10.438 seconds (process running for 11.748)
2025-04-29T21:52:20.415+05:30  INFO 16244 --- [http-nio-8080-exec-1] o.a.c.c.C.[Tomcat].[localhost].[/]       : Initializing Spring DispatcherServlet 'dispatcherServlet'
2025-04-29T21:52:20.416+05:30  INFO 16244 --- [http-nio-8080-exec-1] o.s.web.servlet.DispatcherServlet        : Initializing Servlet 'dispatcherServlet'
2025-04-29T21:52:20.420+05:30  INFO 16244 --- [http-nio-8080-exec-1] o.s.web.servlet.DispatcherServlet        : Completed initialization in 3 ms
2025-04-29T21:52:35.084+05:30  INFO 16244 --- [http-nio-8080-exec-3] c.p.services.ProductServiceImpl          : product save successfully in DB
2025-04-29T21:52:35.085+05:30  INFO 16244 --- [http-nio-8080-exec-3] c.p.controllers.ProductController        : Product register successfully by id : 51ed3011-54fe-4c54-a607-3dd53b966fe1
2025-04-29T21:52:58.002+05:30  INFO 5532 --- [restartedMain] c.p.ProductServiceApplication            : Starting ProductServiceApplication using Java 22.0.1 with PID 5532 (E:\rest_apis\product_service\target\classes started by TARUN in E:\rest_apis\product_service)
2025-04-29T21:52:58.009+05:30  INFO 5532 --- [restartedMain] c.p.ProductServiceApplication            : No active profile set, falling back to 1 default profile: "default"
2025-04-29T21:52:58.204+05:30  INFO 5532 --- [restartedMain] .e.DevToolsPropertyDefaultsPostProcessor : Devtools property defaults active! Set 'spring.devtools.add-properties' to 'false' to disable
2025-04-29T21:52:58.204+05:30  INFO 5532 --- [restartedMain] .e.DevToolsPropertyDefaultsPostProcessor : For additional web related logging consider setting the 'logging.level.web' property to 'DEBUG'
2025-04-29T21:52:59.945+05:30  INFO 5532 --- [restartedMain] .s.d.r.c.RepositoryConfigurationDelegate : Bootstrapping Spring Data MongoDB repositories in DEFAULT mode.
2025-04-29T21:53:00.152+05:30  INFO 5532 --- [restartedMain] .s.d.r.c.RepositoryConfigurationDelegate : Finished Spring Data repository scanning in 193 ms. Found 2 MongoDB repository interfaces.
2025-04-29T21:53:02.060+05:30  INFO 5532 --- [restartedMain] o.s.b.w.embedded.tomcat.TomcatWebServer  : Tomcat initialized with port(s): 8080 (http)
2025-04-29T21:53:02.088+05:30  INFO 5532 --- [restartedMain] o.apache.catalina.core.StandardService   : Starting service [Tomcat]
2025-04-29T21:53:02.089+05:30  INFO 5532 --- [restartedMain] o.apache.catalina.core.StandardEngine    : Starting Servlet engine: [Apache Tomcat/10.1.1]
2025-04-29T21:53:02.232+05:30  INFO 5532 --- [restartedMain] o.a.c.c.C.[Tomcat].[localhost].[/]       : Initializing Spring embedded WebApplicationContext
2025-04-29T21:53:02.235+05:30  INFO 5532 --- [restartedMain] w.s.c.ServletWebServerApplicationContext : Root WebApplicationContext: initialization completed in 4027 ms
2025-04-29T21:53:02.818+05:30  INFO 5532 --- [restartedMain] org.mongodb.driver.client                : MongoClient with metadata {"driver": {"name": "mongo-java-driver|sync|spring-boot", "version": "4.8.0"}, "os": {"type": "Windows", "name": "Windows 10", "architecture": "amd64", "version": "10.0"}, "platform": "Java/Oracle Corporation/22.0.1+8-16"} created with settings MongoClientSettings{readPreference=primary, writeConcern=WriteConcern{w=null, wTimeout=null ms, journal=null}, retryWrites=true, retryReads=true, readConcern=ReadConcern{level=null}, credential=null, streamFactoryFactory=null, commandListeners=[], codecRegistry=ProvidersCodecRegistry{codecProviders=[ValueCodecProvider{}, BsonValueCodecProvider{}, DBRefCodecProvider{}, DBObjectCodecProvider{}, DocumentCodecProvider{}, CollectionCodecProvider{}, IterableCodecProvider{}, MapCodecProvider{}, GeoJsonCodecProvider{}, GridFSFileCodecProvider{}, Jsr310CodecProvider{}, JsonObjectCodecProvider{}, BsonCodecProvider{}, EnumCodecProvider{}, com.mongodb.Jep395RecordCodecProvider@47da1b56]}, clusterSettings={hosts=[localhost:27017], srvServiceName=mongodb, mode=SINGLE, requiredClusterType=UNKNOWN, requiredReplicaSetName='null', serverSelector='null', clusterListeners='[]', serverSelectionTimeout='30000 ms', localThreshold='30000 ms'}, socketSettings=SocketSettings{connectTimeoutMS=10000, readTimeoutMS=0, receiveBufferSize=0, sendBufferSize=0}, heartbeatSocketSettings=SocketSettings{connectTimeoutMS=10000, readTimeoutMS=10000, receiveBufferSize=0, sendBufferSize=0}, connectionPoolSettings=ConnectionPoolSettings{maxSize=100, minSize=0, maxWaitTimeMS=120000, maxConnectionLifeTimeMS=0, maxConnectionIdleTimeMS=0, maintenanceInitialDelayMS=0, maintenanceFrequencyMS=60000, connectionPoolListeners=[], maxConnecting=2}, serverSettings=ServerSettings{heartbeatFrequencyMS=10000, minHeartbeatFrequencyMS=500, serverListeners='[]', serverMonitorListeners='[]'}, sslSettings=SslSettings{enabled=false, invalidHostNameAllowed=false, context=null}, applicationName='null', compressorList=[], uuidRepresentation=JAVA_LEGACY, serverApi=null, autoEncryptionSettings=null, contextProvider=null}
2025-04-29T21:53:02.903+05:30  INFO 5532 --- [cluster-ClusterId{value='6810fce6b44f1d7f6f438478', description='null'}-localhost:27017] org.mongodb.driver.cluster               : Monitor thread successfully connected to server with description ServerDescription{address=localhost:27017, type=STANDALONE, state=CONNECTED, ok=true, minWireVersion=0, maxWireVersion=17, maxDocumentSize=16777216, logicalSessionTimeoutMinutes=30, roundTripTimeNanos=82144500}
2025-04-29T21:53:03.302+05:30  INFO 5532 --- [restartedMain] o.s.b.d.a.OptionalLiveReloadServer       : LiveReload server is running on port 35729
2025-04-29T21:53:06.057+05:30  INFO 5532 --- [restartedMain] o.s.b.w.embedded.tomcat.TomcatWebServer  : Tomcat started on port(s): 8080 (http) with context path ''
2025-04-29T21:53:06.087+05:30  INFO 5532 --- [restartedMain] c.p.ProductServiceApplication            : Started ProductServiceApplication in 9.561 seconds (process running for 10.985)
2025-04-29T21:53:30.504+05:30  INFO 5532 --- [http-nio-8080-exec-2] o.a.c.c.C.[Tomcat].[localhost].[/]       : Initializing Spring DispatcherServlet 'dispatcherServlet'
2025-04-29T21:53:30.504+05:30  INFO 5532 --- [http-nio-8080-exec-2] o.s.web.servlet.DispatcherServlet        : Initializing Servlet 'dispatcherServlet'
2025-04-29T21:53:30.512+05:30  INFO 5532 --- [http-nio-8080-exec-2] o.s.web.servlet.DispatcherServlet        : Completed initialization in 7 ms
2025-04-29T21:53:53.246+05:30  INFO 4088 --- [restartedMain] c.p.ProductServiceApplication            : Starting ProductServiceApplication using Java 22.0.1 with PID 4088 (E:\rest_apis\product_service\target\classes started by TARUN in E:\rest_apis\product_service)
2025-04-29T21:53:53.253+05:30  INFO 4088 --- [restartedMain] c.p.ProductServiceApplication            : No active profile set, falling back to 1 default profile: "default"
2025-04-29T21:53:53.472+05:30  INFO 4088 --- [restartedMain] .e.DevToolsPropertyDefaultsPostProcessor : Devtools property defaults active! Set 'spring.devtools.add-properties' to 'false' to disable
2025-04-29T21:53:53.473+05:30  INFO 4088 --- [restartedMain] .e.DevToolsPropertyDefaultsPostProcessor : For additional web related logging consider setting the 'logging.level.web' property to 'DEBUG'
2025-04-29T21:53:55.488+05:30  INFO 4088 --- [restartedMain] .s.d.r.c.RepositoryConfigurationDelegate : Bootstrapping Spring Data MongoDB repositories in DEFAULT mode.
2025-04-29T21:53:55.716+05:30  INFO 4088 --- [restartedMain] .s.d.r.c.RepositoryConfigurationDelegate : Finished Spring Data repository scanning in 213 ms. Found 2 MongoDB repository interfaces.
2025-04-29T21:53:57.850+05:30  INFO 4088 --- [restartedMain] o.s.b.w.embedded.tomcat.TomcatWebServer  : Tomcat initialized with port(s): 8080 (http)
2025-04-29T21:53:57.886+05:30  INFO 4088 --- [restartedMain] o.apache.catalina.core.StandardService   : Starting service [Tomcat]
2025-04-29T21:53:57.887+05:30  INFO 4088 --- [restartedMain] o.apache.catalina.core.StandardEngine    : Starting Servlet engine: [Apache Tomcat/10.1.1]
2025-04-29T21:53:58.077+05:30  INFO 4088 --- [restartedMain] o.a.c.c.C.[Tomcat].[localhost].[/]       : Initializing Spring embedded WebApplicationContext
2025-04-29T21:53:58.080+05:30  INFO 4088 --- [restartedMain] w.s.c.ServletWebServerApplicationContext : Root WebApplicationContext: initialization completed in 4604 ms
2025-04-29T21:53:58.782+05:30  INFO 4088 --- [restartedMain] org.mongodb.driver.client                : MongoClient with metadata {"driver": {"name": "mongo-java-driver|sync|spring-boot", "version": "4.8.0"}, "os": {"type": "Windows", "name": "Windows 10", "architecture": "amd64", "version": "10.0"}, "platform": "Java/Oracle Corporation/22.0.1+8-16"} created with settings MongoClientSettings{readPreference=primary, writeConcern=WriteConcern{w=null, wTimeout=null ms, journal=null}, retryWrites=true, retryReads=true, readConcern=ReadConcern{level=null}, credential=null, streamFactoryFactory=null, commandListeners=[], codecRegistry=ProvidersCodecRegistry{codecProviders=[ValueCodecProvider{}, BsonValueCodecProvider{}, DBRefCodecProvider{}, DBObjectCodecProvider{}, DocumentCodecProvider{}, CollectionCodecProvider{}, IterableCodecProvider{}, MapCodecProvider{}, GeoJsonCodecProvider{}, GridFSFileCodecProvider{}, Jsr310CodecProvider{}, JsonObjectCodecProvider{}, BsonCodecProvider{}, EnumCodecProvider{}, com.mongodb.Jep395RecordCodecProvider@237939ac]}, clusterSettings={hosts=[localhost:27017], srvServiceName=mongodb, mode=SINGLE, requiredClusterType=UNKNOWN, requiredReplicaSetName='null', serverSelector='null', clusterListeners='[]', serverSelectionTimeout='30000 ms', localThreshold='30000 ms'}, socketSettings=SocketSettings{connectTimeoutMS=10000, readTimeoutMS=0, receiveBufferSize=0, sendBufferSize=0}, heartbeatSocketSettings=SocketSettings{connectTimeoutMS=10000, readTimeoutMS=10000, receiveBufferSize=0, sendBufferSize=0}, connectionPoolSettings=ConnectionPoolSettings{maxSize=100, minSize=0, maxWaitTimeMS=120000, maxConnectionLifeTimeMS=0, maxConnectionIdleTimeMS=0, maintenanceInitialDelayMS=0, maintenanceFrequencyMS=60000, connectionPoolListeners=[], maxConnecting=2}, serverSettings=ServerSettings{heartbeatFrequencyMS=10000, minHeartbeatFrequencyMS=500, serverListeners='[]', serverMonitorListeners='[]'}, sslSettings=SslSettings{enabled=false, invalidHostNameAllowed=false, context=null}, applicationName='null', compressorList=[], uuidRepresentation=JAVA_LEGACY, serverApi=null, autoEncryptionSettings=null, contextProvider=null}
2025-04-29T21:53:58.900+05:30  INFO 4088 --- [cluster-ClusterId{value='6810fd1ed665f769bc590125', description='null'}-localhost:27017] org.mongodb.driver.cluster               : Monitor thread successfully connected to server with description ServerDescription{address=localhost:27017, type=STANDALONE, state=CONNECTED, ok=true, minWireVersion=0, maxWireVersion=17, maxDocumentSize=16777216, logicalSessionTimeoutMinutes=30, roundTripTimeNanos=100196800}
2025-04-29T21:53:59.373+05:30  INFO 4088 --- [restartedMain] o.s.b.d.a.OptionalLiveReloadServer       : LiveReload server is running on port 35729
2025-04-29T21:54:02.084+05:30  INFO 4088 --- [restartedMain] o.s.b.w.embedded.tomcat.TomcatWebServer  : Tomcat started on port(s): 8080 (http) with context path ''
2025-04-29T21:54:02.122+05:30  INFO 4088 --- [restartedMain] c.p.ProductServiceApplication            : Started ProductServiceApplication in 10.395 seconds (process running for 11.935)
2025-04-29T21:54:30.326+05:30  INFO 4088 --- [http-nio-8080-exec-2] o.a.c.c.C.[Tomcat].[localhost].[/]       : Initializing Spring DispatcherServlet 'dispatcherServlet'
2025-04-29T21:54:30.327+05:30  INFO 4088 --- [http-nio-8080-exec-2] o.s.web.servlet.DispatcherServlet        : Initializing Servlet 'dispatcherServlet'
2025-04-29T21:54:30.331+05:30  INFO 4088 --- [http-nio-8080-exec-2] o.s.web.servlet.DispatcherServlet        : Completed initialization in 3 ms
2025-04-29T21:55:24.332+05:30  INFO 4088 --- [http-nio-8080-exec-3] c.p.services.ProductServiceImpl          : Fetched all products with category successfully.
2025-04-29T21:55:24.333+05:30  INFO 4088 --- [http-nio-8080-exec-3] c.p.controllers.ProductController        : Finding the products successfully!
2025-04-29T22:00:14.018+05:30  INFO 9828 --- [restartedMain] c.p.ProductServiceApplication            : Starting ProductServiceApplication using Java 22.0.1 with PID 9828 (E:\rest_apis\product_service\target\classes started by TARUN in E:\rest_apis\product_service)
2025-04-29T22:00:14.025+05:30  INFO 9828 --- [restartedMain] c.p.ProductServiceApplication            : No active profile set, falling back to 1 default profile: "default"
2025-04-29T22:00:14.447+05:30  INFO 9828 --- [restartedMain] .e.DevToolsPropertyDefaultsPostProcessor : Devtools property defaults active! Set 'spring.devtools.add-properties' to 'false' to disable
2025-04-29T22:00:14.449+05:30  INFO 9828 --- [restartedMain] .e.DevToolsPropertyDefaultsPostProcessor : For additional web related logging consider setting the 'logging.level.web' property to 'DEBUG'
2025-04-29T22:00:18.332+05:30  INFO 9828 --- [restartedMain] .s.d.r.c.RepositoryConfigurationDelegate : Bootstrapping Spring Data MongoDB repositories in DEFAULT mode.
2025-04-29T22:00:18.650+05:30  INFO 9828 --- [restartedMain] .s.d.r.c.RepositoryConfigurationDelegate : Finished Spring Data repository scanning in 303 ms. Found 2 MongoDB repository interfaces.
2025-04-29T22:00:20.655+05:30  INFO 9828 --- [restartedMain] o.s.b.w.embedded.tomcat.TomcatWebServer  : Tomcat initialized with port(s): 8080 (http)
2025-04-29T22:00:20.685+05:30  INFO 9828 --- [restartedMain] o.apache.catalina.core.StandardService   : Starting service [Tomcat]
2025-04-29T22:00:20.686+05:30  INFO 9828 --- [restartedMain] o.apache.catalina.core.StandardEngine    : Starting Servlet engine: [Apache Tomcat/10.1.1]
2025-04-29T22:00:20.826+05:30  INFO 9828 --- [restartedMain] o.a.c.c.C.[Tomcat].[localhost].[/]       : Initializing Spring embedded WebApplicationContext
2025-04-29T22:00:20.828+05:30  INFO 9828 --- [restartedMain] w.s.c.ServletWebServerApplicationContext : Root WebApplicationContext: initialization completed in 6376 ms
2025-04-29T22:00:21.528+05:30  INFO 9828 --- [restartedMain] org.mongodb.driver.client                : MongoClient with metadata {"driver": {"name": "mongo-java-driver|sync|spring-boot", "version": "4.8.0"}, "os": {"type": "Windows", "name": "Windows 10", "architecture": "amd64", "version": "10.0"}, "platform": "Java/Oracle Corporation/22.0.1+8-16"} created with settings MongoClientSettings{readPreference=primary, writeConcern=WriteConcern{w=null, wTimeout=null ms, journal=null}, retryWrites=true, retryReads=true, readConcern=ReadConcern{level=null}, credential=null, streamFactoryFactory=null, commandListeners=[], codecRegistry=ProvidersCodecRegistry{codecProviders=[ValueCodecProvider{}, BsonValueCodecProvider{}, DBRefCodecProvider{}, DBObjectCodecProvider{}, DocumentCodecProvider{}, CollectionCodecProvider{}, IterableCodecProvider{}, MapCodecProvider{}, GeoJsonCodecProvider{}, GridFSFileCodecProvider{}, Jsr310CodecProvider{}, JsonObjectCodecProvider{}, BsonCodecProvider{}, EnumCodecProvider{}, com.mongodb.Jep395RecordCodecProvider@4efe2890]}, clusterSettings={hosts=[localhost:27017], srvServiceName=mongodb, mode=SINGLE, requiredClusterType=UNKNOWN, requiredReplicaSetName='null', serverSelector='null', clusterListeners='[]', serverSelectionTimeout='30000 ms', localThreshold='30000 ms'}, socketSettings=SocketSettings{connectTimeoutMS=10000, readTimeoutMS=0, receiveBufferSize=0, sendBufferSize=0}, heartbeatSocketSettings=SocketSettings{connectTimeoutMS=10000, readTimeoutMS=10000, receiveBufferSize=0, sendBufferSize=0}, connectionPoolSettings=ConnectionPoolSettings{maxSize=100, minSize=0, maxWaitTimeMS=120000, maxConnectionLifeTimeMS=0, maxConnectionIdleTimeMS=0, maintenanceInitialDelayMS=0, maintenanceFrequencyMS=60000, connectionPoolListeners=[], maxConnecting=2}, serverSettings=ServerSettings{heartbeatFrequencyMS=10000, minHeartbeatFrequencyMS=500, serverListeners='[]', serverMonitorListeners='[]'}, sslSettings=SslSettings{enabled=false, invalidHostNameAllowed=false, context=null}, applicationName='null', compressorList=[], uuidRepresentation=JAVA_LEGACY, serverApi=null, autoEncryptionSettings=null, contextProvider=null}
2025-04-29T22:00:21.582+05:30  INFO 9828 --- [cluster-ClusterId{value='6810fe9dbf98ac328aed3dd6', description='null'}-localhost:27017] org.mongodb.driver.cluster               : Monitor thread successfully connected to server with description ServerDescription{address=localhost:27017, type=STANDALONE, state=CONNECTED, ok=true, minWireVersion=0, maxWireVersion=17, maxDocumentSize=16777216, logicalSessionTimeoutMinutes=30, roundTripTimeNanos=70051800}
2025-04-29T22:00:22.095+05:30  INFO 9828 --- [restartedMain] o.s.b.d.a.OptionalLiveReloadServer       : LiveReload server is running on port 35729
2025-04-29T22:00:24.241+05:30  INFO 9828 --- [restartedMain] o.s.b.w.embedded.tomcat.TomcatWebServer  : Tomcat started on port(s): 8080 (http) with context path ''
2025-04-29T22:00:24.262+05:30  INFO 9828 --- [restartedMain] c.p.ProductServiceApplication            : Started ProductServiceApplication in 11.993 seconds (process running for 13.621)
2025-04-29T22:00:42.982+05:30  INFO 9828 --- [http-nio-8080-exec-1] o.a.c.c.C.[Tomcat].[localhost].[/]       : Initializing Spring DispatcherServlet 'dispatcherServlet'
2025-04-29T22:00:42.983+05:30  INFO 9828 --- [http-nio-8080-exec-1] o.s.web.servlet.DispatcherServlet        : Initializing Servlet 'dispatcherServlet'
2025-04-29T22:00:42.996+05:30  INFO 9828 --- [http-nio-8080-exec-1] o.s.web.servlet.DispatcherServlet        : Completed initialization in 10 ms
2025-04-29T22:00:43.900+05:30  INFO 9828 --- [http-nio-8080-exec-1] c.p.services.ProductServiceImpl          : product save successfully in DB
2025-04-29T22:00:43.901+05:30  INFO 9828 --- [http-nio-8080-exec-1] c.p.controllers.ProductController        : Product register successfully by id : f5da5114-60db-4426-b907-1da76837e769
2025-04-29T22:00:55.066+05:30  INFO 9828 --- [http-nio-8080-exec-3] c.p.services.ProductServiceImpl          : product save successfully in DB
2025-04-29T22:00:55.067+05:30  INFO 9828 --- [http-nio-8080-exec-3] c.p.controllers.ProductController        : Product register successfully by id : 5792e845-8654-4eac-beea-cea46a126fa0
2025-04-29T22:00:59.204+05:30  INFO 9828 --- [http-nio-8080-exec-4] c.p.services.ProductServiceImpl          : Fetched all products with category successfully.
2025-04-29T22:00:59.204+05:30  INFO 9828 --- [http-nio-8080-exec-4] c.p.controllers.ProductController        : Finding the products successfully!
